<?xml version="1.0" encoding="UTF-8"?>
<!-- Generated by org.testng.reporters.JUnitReportReporter -->
<testsuite hostname="LAPTOP-MTLRPAET" failures="0" tests="2" name="TestNgStudy.NewTest1" time="0.009" errors="0" timestamp="2022-06-23T12:33:08 IST" skipped="0">
  <testcase classname="TestNgStudy.NewTest1" name="test" time="0.006"/>
  <system-out>
    <![CDATA[User ID validated]]>
  </system-out>
  <testcase classname="TestNgStudy.NewTest1" name="test1" time="0.003"/>
  <system-out>
    <![CDATA[Login facebook]]>
  </system-out>
</testsuite> <!-- TestNgStudy.NewTest1 -->
