<?xml version="1.0" encoding="UTF-8"?>
<!-- Generated by org.testng.reporters.JUnitReportReporter -->
<testsuite hostname="LAPTOP-MTLRPAET" failures="0" tests="3" name="TestNgStudy.IncludExcludeStudy" time="0.028" errors="0" timestamp="2022-07-05T16:42:57 IST" skipped="0">
  <testcase classname="TestNgStudy.IncludExcludeStudy" name="v" time="0.003"/>
  <system-out>
    <![CDATA[v is Running]]>
  </system-out>
  <testcase classname="TestNgStudy.IncludExcludeStudy" name="m" time="0.007"/>
  <system-out>
    <![CDATA[m is Running]]>
  </system-out>
  <testcase classname="TestNgStudy.IncludExcludeStudy" name="f" time="0.018"/>
  <system-out>
    <![CDATA[null]]>
  </system-out>
</testsuite> <!-- TestNgStudy.IncludExcludeStudy -->
