<?xml version="1.0" encoding="UTF-8"?>
<!-- Generated by org.testng.reporters.JUnitReportReporter -->
<testsuite hostname="LAPTOP-MTLRPAET" failures="0" tests="1" name="TestNgStudy.seriesParllel2" time="33.062" errors="0" timestamp="2022-06-27T17:41:04 IST" skipped="0">
  <testcase classname="TestNgStudy.seriesParllel2" name="v" time="33.062"/>
  <system-out/>
</testsuite> <!-- TestNgStudy.seriesParllel2 -->
