<?xml version="1.0" encoding="UTF-8"?>
<!-- Generated by org.testng.reporters.JUnitReportReporter -->
<testsuite hostname="LAPTOP-MTLRPAET" failures="0" tests="1" name="TestNgStudy.seriesParllel1" time="10.051" errors="0" timestamp="2022-06-27T17:41:04 IST" skipped="0">
  <testcase classname="TestNgStudy.seriesParllel1" name="f" time="10.051"/>
  <system-out/>
</testsuite> <!-- TestNgStudy.seriesParllel1 -->
