<?xml version="1.0" encoding="UTF-8"?>
<!-- Generated by org.testng.reporters.JUnitReportReporter -->
<testsuite hostname="LAPTOP-MTLRPAET" failures="0" tests="3" name="TestNgStudy.Priority" time="0.015" errors="0" timestamp="2022-06-27T15:04:38 IST" skipped="2">
  <testcase classname="TestNgStudy.Priority" name="v" time="0.015"/>
  <system-out>
    <![CDATA[v success]]>
  </system-out>
  <testcase classname="TestNgStudy.Priority" name="p">
    <skipped/>
  </testcase> <!-- p -->
  <system-out/>
  <testcase classname="TestNgStudy.Priority" name="b">
    <skipped/>
  </testcase> <!-- b -->
  <system-out/>
</testsuite> <!-- TestNgStudy.Priority -->
