<?xml version="1.0" encoding="UTF-8"?>
<!-- Generated by org.testng.reporters.JUnitReportReporter -->
<testsuite hostname="LAPTOP-MTLRPAET" failures="0" tests="1" name="TestNgStudy.MyTestClass2" time="0.003" errors="0" timestamp="2022-06-27T17:02:54 IST" skipped="0">
  <testcase classname="TestNgStudy.MyTestClass2" name="n" time="0.003"/>
  <system-out>
    <![CDATA[n is running]]>
  </system-out>
</testsuite> <!-- TestNgStudy.MyTestClass2 -->
