<?xml version="1.0" encoding="UTF-8"?>
<!-- Generated by org.testng.reporters.JUnitReportReporter -->
<testsuite hostname="LAPTOP-MTLRPAET" failures="0" tests="1" name="TestNgStudy.MyTestClass" time="0.010" errors="0" timestamp="2022-06-22T15:05:46 IST" skipped="0">
  <testcase classname="TestNgStudy.MyTestClass" name="method" time="0.010"/>
  <system-out>
    <![CDATA[UserId Validate]]>
  </system-out>
</testsuite> <!-- TestNgStudy.MyTestClass -->
