<?xml version="1.0" encoding="UTF-8"?>
<!-- Generated by org.testng.reporters.JUnitReportReporter -->
<testsuite hostname="LAPTOP-MTLRPAET" failures="0" tests="1" name="TestNgStudy.SoftAssert" time="0.023" errors="0" timestamp="2022-07-08T16:32:46 IST" skipped="0">
  <testcase classname="TestNgStudy.SoftAssert" name="TC1" time="0.023"/>
  <system-out>
    <![CDATA[TC1 softAssert is running
running Tc]]>
  </system-out>
</testsuite> <!-- TestNgStudy.SoftAssert -->
