<?xml version="1.0" encoding="UTF-8"?>
<!-- Generated by org.testng.reporters.JUnitReportReporter -->
<testsuite hostname="LAPTOP-MTLRPAET" failures="0" tests="3" name="TestNgStudy.AnnotationStudy" time="0.011" errors="0" timestamp="2022-07-08T16:21:00 IST" skipped="1">
  <testcase classname="TestNgStudy.AnnotationStudy" name="fbLogin" time="0.008"/>
  <system-out>
    <![CDATA[Fb logIN success]]>
  </system-out>
  <testcase classname="TestNgStudy.AnnotationStudy" name="kiteLogin" time="0.003"/>
  <system-out>
    <![CDATA[kite logIN success]]>
  </system-out>
  <testcase classname="TestNgStudy.AnnotationStudy" name="MyMethod">
    <skipped/>
  </testcase> <!-- MyMethod -->
  <system-out/>
</testsuite> <!-- TestNgStudy.AnnotationStudy -->
