<?xml version="1.0" encoding="UTF-8"?>
<!-- Generated by org.testng.reporters.JUnitReportReporter -->
<testsuite hostname="LAPTOP-MTLRPAET" failures="0" tests="3" name="TestNgStudy.InvocationCountUse" time="0.025" errors="0" timestamp="2022-06-25T23:54:12 IST" skipped="0">
  <testcase classname="TestNgStudy.InvocationCountUse" name="myTest" time="0.008"/>
  <system-out>
    <![CDATA[Hello]]>
  </system-out>
  <testcase classname="TestNgStudy.InvocationCountUse" name="myTest" time="0.014"/>
  <system-out>
    <![CDATA[Hello]]>
  </system-out>
  <testcase classname="TestNgStudy.InvocationCountUse" name="myTest" time="0.003"/>
  <system-out>
    <![CDATA[Hello]]>
  </system-out>
</testsuite> <!-- TestNgStudy.InvocationCountUse -->
