<?xml version="1.0" encoding="UTF-8"?>
<!-- Generated by org.testng.reporters.JUnitReportReporter -->
<testsuite hostname="LAPTOP-MTLRPAET" failures="0" tests="1" name="TestNgStudy.AnnotationStudyTest1" time="0.014" errors="0" timestamp="2022-06-25T23:47:02 IST" skipped="0">
  <testcase classname="TestNgStudy.AnnotationStudyTest1" name="RechargePhone" time="0.014"/>
  <system-out>
    <![CDATA[Recharge Done]]>
  </system-out>
</testsuite> <!-- TestNgStudy.AnnotationStudyTest1 -->
