<?xml version="1.0" encoding="UTF-8"?>
<!-- Generated by org.testng.reporters.JUnitReportReporter -->
<testsuite hostname="LAPTOP-MTLRPAET" failures="0" tests="1" name="TestNgStudy.Verification" time="37.050" errors="0" timestamp="2022-07-03T12:47:29 IST" skipped="0">
  <testcase classname="TestNgStudy.Verification" name="Verificationstudy" time="37.050"/>
  <system-out>
    <![CDATA[Radio Button 2 is not selected]]>
  </system-out>
</testsuite> <!-- TestNgStudy.Verification -->
