<?xml version="1.0" encoding="UTF-8"?>
<!-- Generated by org.testng.reporters.JUnitReportReporter -->
<testsuite hostname="LAPTOP-MTLRPAET" failures="0" tests="2" name="TestNgStudy.NewTest" time="15.614" errors="0" timestamp="2022-06-22T14:46:13 IST" skipped="0">
  <testcase classname="TestNgStudy.NewTest" name="KiteLogIN" time="5.276"/>
  <system-out/>
  <testcase classname="TestNgStudy.NewTest" name="method" time="10.338"/>
  <system-out/>
</testsuite> <!-- TestNgStudy.NewTest -->
