<?xml version="1.0" encoding="UTF-8"?>
<!-- Generated by org.testng.reporters.JUnitReportReporter -->
<testsuite hostname="LAPTOP-MTLRPAET" failures="0" tests="1" name="TestNgStudy.firefoxTest" time="42.592" errors="0" timestamp="2022-06-29T22:22:36 IST" skipped="0">
  <testcase classname="TestNgStudy.firefoxTest" name="f" time="42.592"/>
  <system-out/>
</testsuite> <!-- TestNgStudy.firefoxTest -->
